[LOG] System::create                           : Header version = 1.08.13. Current version = 1.08.13.
[LOG] SystemI::init                            : FMOD Studio Version: 00010813 (80479)
[LOG] SystemI::init                            : maxchannels = 256, flags = 00020000, extradriverdata = 0000000000000000
[LOG] SystemI::close                           : 
[LOG] SystemI::close                           : Stop all sounds
[LOG] SystemI::close                           : done.

[LOG] OutputWASAPI::init                       : Mix Format (WAVEFORMATEX): wFormatTag=0xFFFE, nChannels=2, nSamplesPerSec=44100, nAvgBytesPerSec=352800, nBlockAlign=8, wBitsPerSample=32, cbSize=22.
[LOG] OutputWASAPI::init                       : Mix Format (WAVEFORMATEXTENSIBLE): wValidBitsPerSample=32, dwChannelMask=0x00000003, SubFormat=00000003-0000-0010-8000-00AA00389B71.
[LOG] OutputWASAPI::init                       : Output buffer size: 3760 samples, latency: 11.61ms, period: 10.16ms, DSP buffer: 1024 * 4
[WRN] SystemI::init                            : Output requires a sample rate of 44100Hz, resampling will occur.
[LOG] Thread::initThread                       : Initializing FMOD mixer thread.  priority 3
[LOG] Thread::initThread                       : - Stacksize 49152.  Stack pointer 0000000000000000 : usesemaphore = 0 : sleeptime = 0
[LOG] Thread::callback                         : * FMOD mixer thread started
[LOG] SystemI::init                            : Set up emulated output
[LOG] SystemI::init                            : create the channel pool
[LOG] Thread::initThread                       : Initializing FMOD stream thread.  priority 2
[LOG] Thread::initThread                       : - Stacksize 65536.  Stack pointer 0000000000000000 : usesemaphore = 0 : sleeptime = 10
[LOG] Thread::callback                         : * FMOD stream thread started
[LOG] Thread::initThread                       : Initializing FMOD Studio sample load thread.  priority 0
[LOG] Thread::initThread                       : - Stacksize 65536.  Stack pointer 0000000000000000 : usesemaphore = 0 : sleeptime = 1
[LOG] Thread::callback                         : * FMOD Studio sample load thread started
[LOG] Thread::initThread                       : Initializing FMOD Studio bank load thread.  priority 0
[LOG] Thread::initThread                       : - Stacksize 65536.  Stack pointer 0000000000000000 : usesemaphore = 0 : sleeptime = 1
[LOG] Thread::callback                         : * FMOD Studio bank load thread started
[LOG] Manager::readBank                        : fileversion = 80, compatVersion = 70 (oldest = 44, newest = 80)
[LOG] LiveUpdate::clientConnected              : client = 000000003A6123A8
[LOG] LiveUpdate::readPacket                   : Accepting init message for client 000000003A6123A8
[LOG] LiveUpdate::acceptInitPacket             : Client 000000003A6123A8 connected, entering sync state
[LOG] Manager::sendConnectTimeHash             : 
[LOG] LiveUpdate::sendConnectTimeHash          : 
[LOG] Manager::finishSync                      : 
[LOG] LiveUpdate::transitionToConnected        : 
[LOG] SystemI::createSound                     : filename = C:\Users\OGL-Bus02\Google Drive\Fall Home Sounds\FallHome_audio\Build\Desktop/Master Bank.bank : mode 02010082
[LOG] SystemI::createSound                     : FMOD_NONBLOCKING specified.  Putting into queue to be opened asynchronously!
[LOG] SystemI::createSound                     : setdata soundi = 000000003A9478C8 : node = 000000000F5B2D30
[LOG] SystemI::createSound                     : add node to async list : head = 0000000012DA0D28.  list count = 0
[LOG] AsyncThread::threadFunc                  : Starting Asynchronous operation on sound 000000003A9478C8
[LOG] SystemI::createSoundInternal             :     filename = C:\Users\OGL-Bus02\Google Drive\Fall Home Sounds\FallHome_audio\Build\Desktop/Master Bank.bank : mode 02010082
[LOG] SystemI::createSoundInternal             :     exinfo->cbsize             = 232
[LOG] SystemI::createSoundInternal             :     exinfo->length             = 1085056
[LOG] SystemI::createSoundInternal             :     exinfo->fileoffset         = 25920
[LOG] SystemI::createSoundInternal             :     exinfo->numsubsounds       = 1
[LOG] SystemI::createSoundInternal             :     exinfo->inclusionlist      = 000000000F5B2E48
[LOG] SystemI::createSoundInternal             :     exinfo->inclusionlistnum   = 1
[LOG] SystemI::createSoundInternal             :     exinfo->suggestedsoundtype = 5
[LOG] SystemI::createSoundInternal             :     exinfo->initialseekpostype = 1
[LOG] SystemI::createSoundInternal             :     Format has 1 subsounds.
[LOG] SystemI::createSoundInternal             :     Create as FMOD_CREATESTREAM
[LOG] System::createSoundInternal              :     decode buffersize = 19200 : blocksize = 256 : format = 2
[LOG] SystemI::createSample                    :     mode 02010082 length 19200 samples, lengthbytes 157824
[LOG] SystemI::createSample                    :     channels = 2
[LOG] SystemI::createSample                    :     output = 000000003A80BD68
[LOG] OutputSoftware::createSample             :     lengthpcm 19200, lengthbytes 157824, channels 2, format 2, freq 48000, mode 0201008a
[LOG] System::createSoundInternal              :     1 subsounds detected.
[LOG] System::createSoundInternal              :     Seek stream to start
[LOG] System::createSoundInternal              :     flush stream buffer
[LOG] System::createSoundInternal              :     flush successful.
[LOG] System::createSoundInternal              :     switch file handle from small blocking single buffered to large nonblocking doublebuffered.
[LOG] SystemI::createSoundInternal             :     done.  OpenState now = FMOD_OPENSTATE_READY.

[LOG] AsyncThread::threadFunc                  : Finished Asynchronous operation on sound 000000003A9478C8
[LOG] SoundI::getSubSound                      : sound 000000003A9478C8.  Subsound index 0 / 1
[LOG] SoundI::release                          : sfx_Jetpackburn (000000003A9478C8)
[LOG] SoundI::release                          : remove stream samples. (000000003A9478C8)
[LOG] SoundI::release                          :     sfx_Jetpackburn (000000003A97E898)
[LOG] SoundI::release                          : release subsounds. (000000003A9478C8)
[LOG] SoundI::release                          :     sfx_Jetpackburn (000000003A73DC38)
[LOG] SoundI::release                          : release codec. (000000003A9478C8)
[LOG] SystemI::createSound                     : filename = C:\Users\OGL-Bus02\Google Drive\Fall Home Sounds\FallHome_audio\Build\Desktop/Master Bank.bank : mode 02010082
[LOG] SystemI::createSound                     : FMOD_NONBLOCKING specified.  Putting into queue to be opened asynchronously!
[LOG] SystemI::createSound                     : setdata soundi = 000000003A9478C8 : node = 000000000F5B2D30
[LOG] SystemI::createSound                     : add node to async list : head = 0000000012DA0D28.  list count = 0
[LOG] AsyncThread::threadFunc                  : Starting Asynchronous operation on sound 000000003A9478C8
[LOG] SystemI::createSoundInternal             :     filename = C:\Users\OGL-Bus02\Google Drive\Fall Home Sounds\FallHome_audio\Build\Desktop/Master Bank.bank : mode 02010082
[LOG] SystemI::createSoundInternal             :     exinfo->cbsize             = 232
[LOG] SystemI::createSoundInternal             :     exinfo->length             = 1085056
[LOG] SystemI::createSoundInternal             :     exinfo->fileoffset         = 25920
[LOG] SystemI::createSoundInternal             :     exinfo->numsubsounds       = 1
[LOG] SystemI::createSoundInternal             :     exinfo->inclusionlist      = 000000000F5B2E48
[LOG] SystemI::createSoundInternal             :     exinfo->inclusionlistnum   = 1
[LOG] SystemI::createSoundInternal             :     exinfo->suggestedsoundtype = 5
[LOG] SystemI::createSoundInternal             :     exinfo->initialseekpostype = 1
[LOG] SystemI::createSoundInternal             :     Format has 1 subsounds.
[LOG] SystemI::createSoundInternal             :     Create as FMOD_CREATESTREAM
[LOG] System::createSoundInternal              :     decode buffersize = 19200 : blocksize = 256 : format = 2
[LOG] SystemI::createSample                    :     mode 02010082 length 19200 samples, lengthbytes 157824
[LOG] SystemI::createSample                    :     channels = 2
[LOG] SystemI::createSample                    :     output = 000000003A80BD68
[LOG] OutputSoftware::createSample             :     lengthpcm 19200, lengthbytes 157824, channels 2, format 2, freq 48000, mode 0201008a
[LOG] System::createSoundInternal              :     1 subsounds detected.
[LOG] System::createSoundInternal              :     Seek stream to start
[LOG] System::createSoundInternal              :     flush stream buffer
[LOG] System::createSoundInternal              :     flush successful.
[LOG] System::createSoundInternal              :     switch file handle from small blocking single buffered to large nonblocking doublebuffered.
[LOG] SystemI::createSoundInternal             :     done.  OpenState now = FMOD_OPENSTATE_READY.

[LOG] AsyncThread::threadFunc                  : Finished Asynchronous operation on sound 000000003A9478C8
[LOG] SoundI::getSubSound                      : sound 000000003A9478C8.  Subsound index 0 / 1
[LOG] Manager::readBank                        : fileversion = 80, compatVersion = 70 (oldest = 44, newest = 80)
[LOG] SoundI::release                          : sfx_Jetpackburn (000000003A9478C8)
[LOG] SoundI::release                          : remove stream samples. (000000003A9478C8)
[LOG] SoundI::release                          :     sfx_Jetpackburn (000000003A97E898)
[LOG] SoundI::release                          : release subsounds. (000000003A9478C8)
[LOG] SoundI::release                          :     sfx_Jetpackburn (000000003A73DC38)
[LOG] SoundI::release                          : release codec. (000000003A9478C8)
[LOG] SystemI::createSound                     : filename = C:\Users\OGL-Bus02\Google Drive\Fall Home Sounds\FallHome_audio\Build\Desktop/Master Bank.bank : mode 02010082
[LOG] SystemI::createSound                     : FMOD_NONBLOCKING specified.  Putting into queue to be opened asynchronously!
[LOG] SystemI::createSound                     : setdata soundi = 000000003A9478C8 : node = 000000000F5B2D30
[LOG] SystemI::createSound                     : add node to async list : head = 0000000012DA0D28.  list count = 0
[LOG] AsyncThread::threadFunc                  : Starting Asynchronous operation on sound 000000003A9478C8
[LOG] SystemI::createSoundInternal             :     filename = C:\Users\OGL-Bus02\Google Drive\Fall Home Sounds\FallHome_audio\Build\Desktop/Master Bank.bank : mode 02010082
[LOG] SystemI::createSoundInternal             :     exinfo->cbsize             = 232
[LOG] SystemI::createSoundInternal             :     exinfo->length             = 1085056
[LOG] SystemI::createSoundInternal             :     exinfo->fileoffset         = 25920
[LOG] SystemI::createSoundInternal             :     exinfo->numsubsounds       = 1
[LOG] SystemI::createSoundInternal             :     exinfo->inclusionlist      = 000000000F5B2E48
[LOG] SystemI::createSoundInternal             :     exinfo->inclusionlistnum   = 1
[LOG] SystemI::createSoundInternal             :     exinfo->suggestedsoundtype = 5
[LOG] SystemI::createSoundInternal             :     exinfo->initialseekpostype = 1
[LOG] SystemI::createSoundInternal             :     Format has 1 subsounds.
[LOG] SystemI::createSoundInternal             :     Create as FMOD_CREATESTREAM
[LOG] System::createSoundInternal              :     decode buffersize = 19200 : blocksize = 256 : format = 2
[LOG] SystemI::createSample                    :     mode 02010082 length 19200 samples, lengthbytes 157824
[LOG] SystemI::createSample                    :     channels = 2
[LOG] SystemI::createSample                    :     output = 000000003A80BD68
[LOG] OutputSoftware::createSample             :     lengthpcm 19200, lengthbytes 157824, channels 2, format 2, freq 48000, mode 0201008a
[LOG] System::createSoundInternal              :     1 subsounds detected.
[LOG] System::createSoundInternal              :     Seek stream to start
[LOG] System::createSoundInternal              :     flush stream buffer
[LOG] System::createSoundInternal              :     flush successful.
[LOG] System::createSoundInternal              :     switch file handle from small blocking single buffered to large nonblocking doublebuffered.
[LOG] SystemI::createSoundInternal             :     done.  OpenState now = FMOD_OPENSTATE_READY.

[LOG] AsyncThread::threadFunc                  : Finished Asynchronous operation on sound 000000003A9478C8
[LOG] SoundI::getSubSound                      : sound 000000003A9478C8.  Subsound index 0 / 1
[LOG] SoundI::release                          : sfx_Jetpackburn (000000003A9478C8)
[LOG] SoundI::release                          : remove stream samples. (000000003A9478C8)
[LOG] SoundI::release                          :     sfx_Jetpackburn (000000003A97E898)
[LOG] SoundI::release                          : release subsounds. (000000003A9478C8)
[LOG] SoundI::release                          :     sfx_Jetpackburn (000000003A73DC38)
[LOG] SoundI::release                          : release codec. (000000003A9478C8)
[LOG] SoundI::release                          :  (000000003A570B58)
[LOG] SoundI::release                          : release subsounds. (000000003A570B58)
[LOG] SoundI::release                          :     Bass_groove_loop (000000003A56B838)
[LOG] SoundI::release                          : release codec. (000000003A570B58)
[LOG] SoundI::release                          : SynthDrone_loop (000000003A66AAA8)
[LOG] SoundI::release                          : remove stream samples. (000000003A66AAA8)
[LOG] SoundI::release                          :     SynthDrone_loop (000000003A495E38)
[LOG] SoundI::release                          : release subsounds. (000000003A66AAA8)
[LOG] SoundI::release                          :     SynthDrone_loop (000000003A66ADE8)
[LOG] SoundI::release                          : release codec. (000000003A66AAA8)
[LOG] SoundI::release                          : SynthArpeggio_loop (000000003A66AC48)
[LOG] SoundI::release                          : remove stream samples. (000000003A66AC48)
[LOG] SoundI::release                          :     SynthArpeggio_loop (000000000F6A48F8)
[LOG] SoundI::release                          : release subsounds. (000000003A66AC48)
[LOG] SoundI::release                          :     SynthArpeggio_loop (000000000F62D018)
[LOG] SoundI::release                          : release codec. (000000003A66AC48)
[LOG] SoundI::release                          :  (000000003A5709E8)
[LOG] SoundI::release                          : release subsounds. (000000003A5709E8)
[LOG] SoundI::release                          :     Udu_break_loop (000000003D728D58)
[LOG] SoundI::release                          : release codec. (000000003A5709E8)
[LOG] SoundI::release                          :  (000000003A570878)
[LOG] SoundI::release                          : release subsounds. (000000003A570878)
[LOG] SoundI::release                          :     Drums_groove_loop (000000003D728A38)
[LOG] SoundI::release                          : release codec. (000000003A570878)
[LOG] SoundI::release                          :  (000000003A570CC8)
[LOG] SoundI::release                          : release subsounds. (000000003A570CC8)
[LOG] SoundI::release                          :     Drum_break_loop (000000003A56B6A8)
[LOG] SoundI::release                          : release codec. (000000003A570CC8)
[LOG] Thread::callback                         : * FMOD Studio update thread finished
[LOG] Thread::close                            : FMOD Studio update thread thread destroyed
[LOG] Thread::callback                         : * FMOD Studio bank load thread finished
[LOG] Thread::close                            : FMOD Studio bank load thread thread destroyed
[LOG] LiveUpdate::clientDisconnected           : client = 000000003A6123A8
[LOG] LiveUpdate::reset                        : Reset connection (reason Disconnected)
[LOG] Profile::disconnectAll                   : Profiler disconnecting all clients
[LOG] Thread::callback                         : * FMOD Studio sample load thread finished
[LOG] Thread::close                            : FMOD Studio sample load thread thread destroyed
[LOG] LiveUpdate::release                      : 
[LOG] LiveUpdate::reset                        : Reset connection (reason Disconnected)
[LOG] SystemI::close                           : 
[LOG] SystemI::close                           : Stop all sounds
[LOG] Thread::callback                         : * FMOD stream thread finished
[LOG] Thread::close                            : FMOD stream thread thread destroyed
[LOG] SystemI::close                           : Stream thread destroyed
[LOG] Thread::callback                         : * FMOD mixer thread finished
[LOG] Thread::close                            : FMOD mixer thread thread destroyed
[LOG] SystemI::close                           : Free master channel group.
[LOG] SystemI::close                           : Remove 'master' sound group.
[LOG] SystemI::close                           : Free software output.
[LOG] SystemI::close                           : Free emulated output.
[LOG] SystemI::close                           : Free channel pool.
[LOG] SystemI::close                           : done.

[LOG] Manager::readBank                        : fileversion = 80, compatVersion = 70 (oldest = 44, newest = 80)
[LOG] Manager::readBank                        : fileversion = 80, compatVersion = 70 (oldest = 44, newest = 80)
[LOG] Manager::readBank                        : fileversion = 80, compatVersion = 70 (oldest = 44, newest = 80)
[LOG] Manager::readBank                        : fileversion = 80, compatVersion = 70 (oldest = 44, newest = 80)
[LOG] Manager::readBank                        : fileversion = 80, compatVersion = 70 (oldest = 44, newest = 80)
[LOG] Manager::readBank                        : fileversion = 80, compatVersion = 70 (oldest = 44, newest = 80)
[LOG] PlaybackSystem::acquireMasterBus         : Setting master channel group format to 6
[LOG] Thread::callback                         : * FMOD Studio bank load thread finished
[LOG] Thread::close                            : FMOD Studio bank load thread thread destroyed
[LOG] Thread::callback                         : * FMOD Studio sample load thread finished
[LOG] Thread::close                            : FMOD Studio sample load thread thread destroyed
[LOG] LiveUpdate::release                      : 
[LOG] LiveUpdate::reset                        : Reset connection (reason Disconnected)
[LOG] SystemI::close                           : 
[LOG] SystemI::close                           : Stop all sounds
[LOG] Thread::callback                         : * FMOD stream thread finished
[LOG] Thread::close                            : FMOD stream thread thread destroyed
[LOG] SystemI::close                           : Stream thread destroyed
[LOG] Thread::callback                         : * FMOD mixer thread finished
[LOG] Thread::close                            : FMOD mixer thread thread destroyed
[LOG] SystemI::close                           : Free master channel group.
[LOG] SystemI::close                           : Remove 'master' sound group.
[LOG] SystemI::close                           : Free software output.
[LOG] SystemI::close                           : Free emulated output.
[LOG] SystemI::close                           : Free channel pool.
[LOG] Thread::callback                         : * FMOD nonblocking thread (0) finished
[LOG] Thread::close                            : FMOD nonblocking thread (0) thread destroyed
[LOG] Thread::callback                         : * FMOD file thread finished
[LOG] Thread::close                            : FMOD file thread thread destroyed
[LOG] SystemI::close                           : done.

[LOG] System::create                           : Header version = 1.08.13. Current version = 1.08.13.
